#! /usr/bin/vvp
:ivl_version "11.0 (stable)" "(v11_0)";
:ivl_delay_selection "TYPICAL";
:vpi_time_precision + 0;
:vpi_module "/usr/lib/ivl/system.vpi";
:vpi_module "/usr/lib/ivl/vhdl_sys.vpi";
:vpi_module "/usr/lib/ivl/vhdl_textio.vpi";
:vpi_module "/usr/lib/ivl/v2005_math.vpi";
:vpi_module "/usr/lib/ivl/va_math.vpi";
S_0x55ae95ecbd80 .scope module, "data_memory" "data_memory" 2 1;
 .timescale 0 0;
    .port_info 0 /INPUT 32 "a";
    .port_info 1 /INPUT 1 "we";
    .port_info 2 /INPUT 1 "clk";
    .port_info 3 /INPUT 32 "wd";
    .port_info 4 /OUTPUT 32 "rd";
L_0x55ae95eefaf0 .functor BUFZ 32, L_0x55ae95edf8d0, C4<00000000000000000000000000000000>, C4<00000000000000000000000000000000>, C4<00000000000000000000000000000000>;
v0x55ae95ecc0a0_0 .net *"_ivl_0", 31 0, L_0x55ae95edf8d0;  1 drivers
L_0x7f0aeae4f018 .functor BUFT 1, C4<00000000000000000000000000000100>, C4<0>, C4<0>, C4<0>;
v0x55ae95edea70_0 .net/2u *"_ivl_2", 31 0, L_0x7f0aeae4f018;  1 drivers
v0x55ae95edeb50_0 .net *"_ivl_4", 31 0, L_0x55ae95eef9b0;  1 drivers
o0x7f0aeae980a8 .functor BUFZ 32, C4<zzzzzzzzzzzzzzzzzzzzzzzzzzzzzzzz>; HiZ drive
v0x55ae95edec10_0 .net "a", 31 0, o0x7f0aeae980a8;  0 drivers
o0x7f0aeae980d8 .functor BUFZ 1, C4<z>; HiZ drive
v0x55ae95edecf0_0 .net "clk", 0 0, o0x7f0aeae980d8;  0 drivers
v0x55ae95edee00_0 .var/i "i", 31 0;
v0x55ae95edeee0 .array "ram", 4096 0, 31 0;
v0x55ae95edefa0_0 .net "rd", 31 0, L_0x55ae95eefaf0;  1 drivers
o0x7f0aeae98168 .functor BUFZ 32, C4<zzzzzzzzzzzzzzzzzzzzzzzzzzzzzzzz>; HiZ drive
v0x55ae95edf080_0 .net "wd", 31 0, o0x7f0aeae98168;  0 drivers
o0x7f0aeae98198 .functor BUFZ 1, C4<z>; HiZ drive
v0x55ae95edf1f0_0 .net "we", 0 0, o0x7f0aeae98198;  0 drivers
E_0x55ae95e914e0 .event posedge, v0x55ae95edecf0_0;
L_0x55ae95edf8d0 .array/port v0x55ae95edeee0, L_0x55ae95eef9b0;
L_0x55ae95eef9b0 .arith/div 32, o0x7f0aeae980a8, L_0x7f0aeae4f018;
S_0x55ae95ecbf10 .scope module, "instruction_memory" "instruction_memory" 2 22;
 .timescale 0 0;
    .port_info 0 /INPUT 32 "a";
    .port_info 1 /OUTPUT 32 "rd";
L_0x55ae95eefdf0 .functor BUFZ 32, L_0x55ae95eefbb0, C4<00000000000000000000000000000000>, C4<00000000000000000000000000000000>, C4<00000000000000000000000000000000>;
v0x55ae95edf350_0 .net *"_ivl_0", 31 0, L_0x55ae95eefbb0;  1 drivers
L_0x7f0aeae4f060 .functor BUFT 1, C4<00000000000000000000000000000100>, C4<0>, C4<0>, C4<0>;
v0x55ae95edf450_0 .net/2u *"_ivl_2", 31 0, L_0x7f0aeae4f060;  1 drivers
v0x55ae95edf530_0 .net *"_ivl_4", 31 0, L_0x55ae95eefcb0;  1 drivers
o0x7f0aeae98348 .functor BUFZ 32, C4<zzzzzzzzzzzzzzzzzzzzzzzzzzzzzzzz>; HiZ drive
v0x55ae95edf5f0_0 .net "a", 31 0, o0x7f0aeae98348;  0 drivers
v0x55ae95edf6d0 .array "ram", 4096 0, 31 0;
v0x55ae95edf790_0 .net "rd", 31 0, L_0x55ae95eefdf0;  1 drivers
L_0x55ae95eefbb0 .array/port v0x55ae95edf6d0, L_0x55ae95eefcb0;
L_0x55ae95eefcb0 .arith/div 32, o0x7f0aeae98348, L_0x7f0aeae4f060;
    .scope S_0x55ae95ecbd80;
T_0 ;
    %wait E_0x55ae95e914e0;
    %load/vec4 v0x55ae95edf1f0_0;
    %pad/u 32;
    %cmpi/e 1, 0, 32;
    %jmp/0xz  T_0.0, 4;
    %load/vec4 v0x55ae95edf080_0;
    %load/vec4 v0x55ae95edec10_0;
    %pushi/vec4 4, 0, 32;
    %div;
    %ix/vec4 4;
    %store/vec4a v0x55ae95edeee0, 4, 0;
T_0.0 ;
    %jmp T_0;
    .thread T_0;
    .scope S_0x55ae95ecbd80;
T_1 ;
    %pushi/vec4 0, 0, 32;
    %store/vec4 v0x55ae95edee00_0, 0, 32;
T_1.0 ;
    %load/vec4 v0x55ae95edee00_0;
    %cmpi/s 4097, 0, 32;
    %jmp/0xz T_1.1, 5;
    %pushi/vec4 0, 0, 32;
    %ix/getv/s 3, v0x55ae95edee00_0;
    %ix/load 4, 0, 0; Constant delay
    %assign/vec4/a/d v0x55ae95edeee0, 0, 4;
    %load/vec4 v0x55ae95edee00_0;
    %addi 1, 0, 32;
    %store/vec4 v0x55ae95edee00_0, 0, 32;
    %jmp T_1.0;
T_1.1 ;
    %end;
    .thread T_1;
    .scope S_0x55ae95ecbf10;
T_2 ;
    %vpi_call 2 30 "$readmemb", "instructions.dat", v0x55ae95edf6d0 {0 0 0};
    %end;
    .thread T_2;
# The file index is used to find the file name in the following table.
:file_names 3;
    "N/A";
    "<interactive>";
    "memory.v";
