#! /usr/bin/vvp
:ivl_version "11.0 (stable)" "(v11_0)";
:ivl_delay_selection "TYPICAL";
:vpi_time_precision + 0;
:vpi_module "/usr/lib/ivl/system.vpi";
:vpi_module "/usr/lib/ivl/vhdl_sys.vpi";
:vpi_module "/usr/lib/ivl/vhdl_textio.vpi";
:vpi_module "/usr/lib/ivl/v2005_math.vpi";
:vpi_module "/usr/lib/ivl/va_math.vpi";
S_0x5618bd1b4da0 .scope module, "data_memory" "data_memory" 2 1;
 .timescale 0 0;
    .port_info 0 /INPUT 32 "a";
    .port_info 1 /INPUT 1 "we";
    .port_info 2 /INPUT 1 "clk";
    .port_info 3 /INPUT 32 "wd";
    .port_info 4 /OUTPUT 32 "rd";
L_0x5618bd1d8b10 .functor BUFZ 32, L_0x5618bd1c88f0, C4<00000000000000000000000000000000>, C4<00000000000000000000000000000000>, C4<00000000000000000000000000000000>;
v0x5618bd1b50c0_0 .net *"_ivl_0", 31 0, L_0x5618bd1c88f0;  1 drivers
L_0x7fb32d55d018 .functor BUFT 1, C4<00000000000000000000000000000100>, C4<0>, C4<0>, C4<0>;
v0x5618bd1c7a90_0 .net/2u *"_ivl_2", 31 0, L_0x7fb32d55d018;  1 drivers
v0x5618bd1c7b70_0 .net *"_ivl_4", 31 0, L_0x5618bd1d89d0;  1 drivers
o0x7fb32d5a60a8 .functor BUFZ 32, C4<zzzzzzzzzzzzzzzzzzzzzzzzzzzzzzzz>; HiZ drive
v0x5618bd1c7c30_0 .net "a", 31 0, o0x7fb32d5a60a8;  0 drivers
o0x7fb32d5a60d8 .functor BUFZ 1, C4<z>; HiZ drive
v0x5618bd1c7d10_0 .net "clk", 0 0, o0x7fb32d5a60d8;  0 drivers
v0x5618bd1c7e20_0 .var/i "i", 31 0;
v0x5618bd1c7f00 .array "ram", 4096 0, 31 0;
v0x5618bd1c7fc0_0 .net "rd", 31 0, L_0x5618bd1d8b10;  1 drivers
o0x7fb32d5a6168 .functor BUFZ 32, C4<zzzzzzzzzzzzzzzzzzzzzzzzzzzzzzzz>; HiZ drive
v0x5618bd1c80a0_0 .net "wd", 31 0, o0x7fb32d5a6168;  0 drivers
o0x7fb32d5a6198 .functor BUFZ 1, C4<z>; HiZ drive
v0x5618bd1c8210_0 .net "we", 0 0, o0x7fb32d5a6198;  0 drivers
E_0x5618bd17a4f0 .event posedge, v0x5618bd1c7d10_0;
L_0x5618bd1c88f0 .array/port v0x5618bd1c7f00, L_0x5618bd1d89d0;
L_0x5618bd1d89d0 .arith/div 32, o0x7fb32d5a60a8, L_0x7fb32d55d018;
S_0x5618bd1b4f30 .scope module, "instruction_memory" "instruction_memory" 2 22;
 .timescale 0 0;
    .port_info 0 /INPUT 32 "a";
    .port_info 1 /OUTPUT 32 "rd";
L_0x5618bd1d8e10 .functor BUFZ 32, L_0x5618bd1d8bd0, C4<00000000000000000000000000000000>, C4<00000000000000000000000000000000>, C4<00000000000000000000000000000000>;
v0x5618bd1c8370_0 .net *"_ivl_0", 31 0, L_0x5618bd1d8bd0;  1 drivers
L_0x7fb32d55d060 .functor BUFT 1, C4<00000000000000000000000000000100>, C4<0>, C4<0>, C4<0>;
v0x5618bd1c8470_0 .net/2u *"_ivl_2", 31 0, L_0x7fb32d55d060;  1 drivers
v0x5618bd1c8550_0 .net *"_ivl_4", 31 0, L_0x5618bd1d8cd0;  1 drivers
o0x7fb32d5a6348 .functor BUFZ 32, C4<zzzzzzzzzzzzzzzzzzzzzzzzzzzzzzzz>; HiZ drive
v0x5618bd1c8610_0 .net "a", 31 0, o0x7fb32d5a6348;  0 drivers
v0x5618bd1c86f0 .array "ram", 4096 0, 31 0;
v0x5618bd1c87b0_0 .net "rd", 31 0, L_0x5618bd1d8e10;  1 drivers
L_0x5618bd1d8bd0 .array/port v0x5618bd1c86f0, L_0x5618bd1d8cd0;
L_0x5618bd1d8cd0 .arith/div 32, o0x7fb32d5a6348, L_0x7fb32d55d060;
    .scope S_0x5618bd1b4da0;
T_0 ;
    %wait E_0x5618bd17a4f0;
    %load/vec4 v0x5618bd1c8210_0;
    %pad/u 32;
    %cmpi/e 1, 0, 32;
    %jmp/0xz  T_0.0, 4;
    %load/vec4 v0x5618bd1c80a0_0;
    %load/vec4 v0x5618bd1c7c30_0;
    %pushi/vec4 4, 0, 32;
    %div;
    %ix/vec4 4;
    %store/vec4a v0x5618bd1c7f00, 4, 0;
T_0.0 ;
    %jmp T_0;
    .thread T_0;
    .scope S_0x5618bd1b4da0;
T_1 ;
    %pushi/vec4 0, 0, 32;
    %store/vec4 v0x5618bd1c7e20_0, 0, 32;
T_1.0 ;
    %load/vec4 v0x5618bd1c7e20_0;
    %cmpi/s 4097, 0, 32;
    %jmp/0xz T_1.1, 5;
    %pushi/vec4 0, 0, 32;
    %ix/getv/s 3, v0x5618bd1c7e20_0;
    %ix/load 4, 0, 0; Constant delay
    %assign/vec4/a/d v0x5618bd1c7f00, 0, 4;
    %load/vec4 v0x5618bd1c7e20_0;
    %addi 1, 0, 32;
    %store/vec4 v0x5618bd1c7e20_0, 0, 32;
    %jmp T_1.0;
T_1.1 ;
    %end;
    .thread T_1;
    .scope S_0x5618bd1b4f30;
T_2 ;
    %vpi_call 2 30 "$readmemb", "instructions.dat", v0x5618bd1c86f0 {0 0 0};
    %end;
    .thread T_2;
# The file index is used to find the file name in the following table.
:file_names 3;
    "N/A";
    "<interactive>";
    "memory.v";
